SQL> BEGIN
  2      -- Update interest rates for customers older than 60
  3      UPDATE LOANS
  4      SET INTEREST_RATE = INTEREST_RATE - 0.01
  5      WHERE CUSTOMER_ID IN (
  6          SELECT CUSTOMER_ID
  7          FROM CUSTOMERS
  8          WHERE TRUNC(MONTHS_BETWEEN(SYSDATE, DATE_OF_BIRTH) / 12) > 60
  9      );
 10  
 11      -- Commit the transaction to save changes
 12      COMMIT;
 13  
 14  EXCEPTION
 15      WHEN OTHERS THEN
 16          -- Rollback changes if an error occurs
 17          ROLLBACK;
 18          -- Output error message
 19          DBMS_OUTPUT.PUT_LINE('An error occurred: ' || SQLERRM);
 20  END;
 21  /

PL/SQL procedure successfully completed.

SQL> spool off
